1471541789.841243 client started (81660): socket /private/tmp/tmux-501/default, protocol 8
1471541789.841293 on Darwin 15.6.0 Darwin Kernel Version 15.6.0: Thu Jun 23 18:25:34 PDT 2016; root:xnu-3248.60.10~1/RELEASE_X86_64; libevent 2.0.22-stable (kqueue)
1471541789.841368 socket is /private/tmp/tmux-501/default
1471541789.841388 trying connect
1471541789.841481 add peer 0x7fca53002000: 5 (0x0)
1471541789.843039 sending message 100 to peer 0x7fca53002000 (4 bytes)
1471541789.843072 sending message 101 to peer 0x7fca53002000 (15 bytes)
1471541789.843173 sending message 102 to peer 0x7fca53002000 (13 bytes)
1471541789.843198 sending message 108 to peer 0x7fca53002000 (21 bytes)
1471541789.843223 sending message 104 to peer 0x7fca53002000 (0 bytes)
1471541789.843234 sending message 107 to peer 0x7fca53002000 (4 bytes)
1471541789.843244 sending message 105 to peer 0x7fca53002000 (10 bytes)
1471541789.843253 sending message 105 to peer 0x7fca53002000 (18 bytes)
1471541789.843262 sending message 105 to peer 0x7fca53002000 (23 bytes)
1471541789.843271 sending message 105 to peer 0x7fca53002000 (13 bytes)
1471541789.843280 sending message 105 to peer 0x7fca53002000 (16 bytes)
1471541789.843289 sending message 105 to peer 0x7fca53002000 (20 bytes)
1471541789.843298 sending message 105 to peer 0x7fca53002000 (57 bytes)
1471541789.843307 sending message 105 to peer 0x7fca53002000 (76 bytes)
1471541789.843317 sending message 105 to peer 0x7fca53002000 (27 bytes)
1471541789.843326 sending message 105 to peer 0x7fca53002000 (60 bytes)
1471541789.843335 sending message 105 to peer 0x7fca53002000 (19 bytes)
1471541789.843344 sending message 105 to peer 0x7fca53002000 (19 bytes)
1471541789.843353 sending message 105 to peer 0x7fca53002000 (10 bytes)
1471541789.843362 sending message 105 to peer 0x7fca53002000 (66 bytes)
1471541789.843371 sending message 105 to peer 0x7fca53002000 (38 bytes)
1471541789.843380 sending message 105 to peer 0x7fca53002000 (14 bytes)
1471541789.843389 sending message 105 to peer 0x7fca53002000 (224 bytes)
1471541789.843398 sending message 105 to peer 0x7fca53002000 (25 bytes)
1471541789.843407 sending message 105 to peer 0x7fca53002000 (74 bytes)
1471541789.843416 sending message 105 to peer 0x7fca53002000 (11 bytes)
1471541789.843425 sending message 105 to peer 0x7fca53002000 (19 bytes)
1471541789.843435 sending message 105 to peer 0x7fca53002000 (14 bytes)
1471541789.843444 sending message 105 to peer 0x7fca53002000 (219 bytes)
1471541789.843453 sending message 105 to peer 0x7fca53002000 (34 bytes)
1471541789.843462 sending message 105 to peer 0x7fca53002000 (19 bytes)
1471541789.843475 sending message 105 to peer 0x7fca53002000 (8 bytes)
1471541789.843484 sending message 105 to peer 0x7fca53002000 (17 bytes)
1471541789.843494 sending message 105 to peer 0x7fca53002000 (19 bytes)
1471541789.843502 sending message 105 to peer 0x7fca53002000 (61 bytes)
1471541789.843512 sending message 105 to peer 0x7fca53002000 (13 bytes)
1471541789.843521 sending message 105 to peer 0x7fca53002000 (30 bytes)
1471541789.843529 sending message 105 to peer 0x7fca53002000 (18 bytes)
1471541789.843538 sending message 105 to peer 0x7fca53002000 (22 bytes)
1471541789.843547 sending message 105 to peer 0x7fca53002000 (19 bytes)
1471541789.843556 sending message 106 to peer 0x7fca53002000 (0 bytes)
1471541789.843570 sending message 200 to peer 0x7fca53002000 (4 bytes)
1471541789.843580 client loop enter
1471541789.847469 peer 0x7fca53002000 message 207
1471541789.847483 sending message 208 to peer 0x7fca53002000 (0 bytes)
1471541801.942231 peer 0x7fca53002000 message 203
1471541801.942248 sending message 205 to peer 0x7fca53002000 (0 bytes)
1471541801.942514 peer 0x7fca53002000 message 204
1471541801.942528 client loop exit
